<?xml version="1.0" encoding="UTF-8"?>
<!-- Generated by org.testng.reporters.JUnitReportReporter -->
<testsuite hostname="DESKTOP-PRRP3FV" failures="0" tests="1" name="TestCases.TC_001_LoginTest" time="30.426" errors="0" timestamp="2024-11-17T21:18:34 IST" skipped="0">
  <testcase classname="TestCases.TC_001_LoginTest" name="testValidLogin" time="30.426"/>
</testsuite> <!-- TestCases.TC_001_LoginTest -->
